C:\USERS\CHRIS\DESKTOP\COMPLETE NEW PROJECT\NEWPROJECT\GRAPHICS\DEBUG\CAMERA.OBJ
C:\USERS\CHRIS\DESKTOP\COMPLETE NEW PROJECT\NEWPROJECT\GRAPHICS\DEBUG\DIRECTX.OBJ
C:\USERS\CHRIS\DESKTOP\COMPLETE NEW PROJECT\NEWPROJECT\GRAPHICS\DEBUG\FBXIMPORTING.OBJ
C:\USERS\CHRIS\DESKTOP\COMPLETE NEW PROJECT\NEWPROJECT\GRAPHICS\DEBUG\FORWARDRENDERER.OBJ
C:\USERS\CHRIS\DESKTOP\COMPLETE NEW PROJECT\NEWPROJECT\GRAPHICS\DEBUG\GRAPHICSINTERFACE.OBJ
C:\USERS\CHRIS\DESKTOP\COMPLETE NEW PROJECT\NEWPROJECT\GRAPHICS\DEBUG\GRAPHICSMANAGER.OBJ
C:\USERS\CHRIS\DESKTOP\COMPLETE NEW PROJECT\NEWPROJECT\GRAPHICS\DEBUG\MESH.OBJ
C:\USERS\CHRIS\DESKTOP\COMPLETE NEW PROJECT\NEWPROJECT\GRAPHICS\DEBUG\SHADER.OBJ
C:\USERS\CHRIS\DESKTOP\COMPLETE NEW PROJECT\NEWPROJECT\GRAPHICS\DEBUG\VC100.PDB
C:\USERS\CHRIS\DESKTOP\COMPLETE NEW PROJECT\NEWPROJECT\GRAPHICS\DEBUG\VERTEXTYPES.OBJ
C:\USERS\CHRIS\DESKTOP\COMPLETE NEW PROJECT\NEWPROJECT\GRAPHICS\DEBUG\WINDOW.OBJ
C:\USERS\CHRIS\DESKTOP\COMPLETE NEW PROJECT\NEWPROJECT\LIBS_DEBUG\GRAPHICS.LIB
C:\Users\Chris\Documents\GitHub\personalProject\Complete New Project\NewProject\\libs_debug\Graphics.lib
C:\Users\Chris\Documents\GitHub\personalProject\Complete New Project\NewProject\Graphics\Debug\Camera.obj
C:\Users\Chris\Documents\GitHub\personalProject\Complete New Project\NewProject\Graphics\Debug\cl.command.1.tlog
C:\Users\Chris\Documents\GitHub\personalProject\Complete New Project\NewProject\Graphics\Debug\CL.read.1.tlog
C:\Users\Chris\Documents\GitHub\personalProject\Complete New Project\NewProject\Graphics\Debug\CL.write.1.tlog
C:\Users\Chris\Documents\GitHub\personalProject\Complete New Project\NewProject\Graphics\Debug\directx.obj
C:\Users\Chris\Documents\GitHub\personalProject\Complete New Project\NewProject\Graphics\Debug\FbxImporting.obj
C:\Users\Chris\Documents\GitHub\personalProject\Complete New Project\NewProject\Graphics\Debug\ForwardRenderer.obj
C:\Users\Chris\Documents\GitHub\personalProject\Complete New Project\NewProject\Graphics\Debug\GraphicsInterface.obj
C:\Users\Chris\Documents\GitHub\personalProject\Complete New Project\NewProject\Graphics\Debug\GraphicsManager.obj
C:\Users\Chris\Documents\GitHub\personalProject\Complete New Project\NewProject\Graphics\Debug\lib.command.1.tlog
C:\Users\Chris\Documents\GitHub\personalProject\Complete New Project\NewProject\Graphics\Debug\Lib-link.read.1.tlog
C:\Users\Chris\Documents\GitHub\personalProject\Complete New Project\NewProject\Graphics\Debug\Lib-link.write.1.tlog
C:\Users\Chris\Documents\GitHub\personalProject\Complete New Project\NewProject\Graphics\Debug\mesh.obj
C:\Users\Chris\Documents\GitHub\personalProject\Complete New Project\NewProject\Graphics\Debug\shader.obj
C:\Users\Chris\Documents\GitHub\personalProject\Complete New Project\NewProject\Graphics\Debug\vc100.idb
C:\Users\Chris\Documents\GitHub\personalProject\Complete New Project\NewProject\Graphics\Debug\vc100.pdb
C:\Users\Chris\Documents\GitHub\personalProject\Complete New Project\NewProject\Graphics\Debug\VertexTypes.obj
C:\Users\Chris\Documents\GitHub\personalProject\Complete New Project\NewProject\Graphics\Debug\Window.obj
