C:\USERS\CHRIS\DESKTOP\COMPLETE NEW PROJECT\NEWPROJECT\LIBS_DEBUG\NEWPROJECT.EXE
C:\USERS\CHRIS\DESKTOP\COMPLETE NEW PROJECT\NEWPROJECT\LIBS_DEBUG\NEWPROJECT.ILK
C:\USERS\CHRIS\DESKTOP\COMPLETE NEW PROJECT\NEWPROJECT\LIBS_DEBUG\NEWPROJECT.PDB
C:\USERS\CHRIS\DESKTOP\COMPLETE NEW PROJECT\NEWPROJECT\NEWPROJECT\DEBUG\MAIN.OBJ
C:\USERS\CHRIS\DESKTOP\COMPLETE NEW PROJECT\NEWPROJECT\NEWPROJECT\DEBUG\NEWPROJECT.EXE.INTERMEDIATE.MANIFEST
C:\USERS\CHRIS\DESKTOP\COMPLETE NEW PROJECT\NEWPROJECT\NEWPROJECT\DEBUG\VC100.PDB
C:\Users\Chris\Documents\GitHub\personalProject\Complete New Project\NewProject\\libs_debug\NewProject.exe
C:\Users\Chris\Documents\GitHub\personalProject\Complete New Project\NewProject\\libs_debug\NewProject.ilk
C:\Users\Chris\Documents\GitHub\personalProject\Complete New Project\NewProject\\libs_debug\NewProject.pdb
C:\Users\Chris\Documents\GitHub\personalProject\Complete New Project\NewProject\NewProject\Debug\cl.command.1.tlog
C:\Users\Chris\Documents\GitHub\personalProject\Complete New Project\NewProject\NewProject\Debug\CL.read.1.tlog
C:\Users\Chris\Documents\GitHub\personalProject\Complete New Project\NewProject\NewProject\Debug\CL.write.1.tlog
C:\Users\Chris\Documents\GitHub\personalProject\Complete New Project\NewProject\NewProject\Debug\link.3364.read.1.tlog
C:\Users\Chris\Documents\GitHub\personalProject\Complete New Project\NewProject\NewProject\Debug\link.3364.write.1.tlog
C:\Users\Chris\Documents\GitHub\personalProject\Complete New Project\NewProject\NewProject\Debug\link.6096.read.1.tlog
C:\Users\Chris\Documents\GitHub\personalProject\Complete New Project\NewProject\NewProject\Debug\link.6096.write.1.tlog
C:\Users\Chris\Documents\GitHub\personalProject\Complete New Project\NewProject\NewProject\Debug\link.6336.read.1.tlog
C:\Users\Chris\Documents\GitHub\personalProject\Complete New Project\NewProject\NewProject\Debug\link.6336.write.1.tlog
C:\Users\Chris\Documents\GitHub\personalProject\Complete New Project\NewProject\NewProject\Debug\link.command.1.tlog
C:\Users\Chris\Documents\GitHub\personalProject\Complete New Project\NewProject\NewProject\Debug\link.read.1.tlog
C:\Users\Chris\Documents\GitHub\personalProject\Complete New Project\NewProject\NewProject\Debug\link.write.1.tlog
C:\Users\Chris\Documents\GitHub\personalProject\Complete New Project\NewProject\NewProject\Debug\main.obj
C:\Users\Chris\Documents\GitHub\personalProject\Complete New Project\NewProject\NewProject\Debug\mt.command.1.tlog
C:\Users\Chris\Documents\GitHub\personalProject\Complete New Project\NewProject\NewProject\Debug\mt.read.1.tlog
C:\Users\Chris\Documents\GitHub\personalProject\Complete New Project\NewProject\NewProject\Debug\mt.write.1.tlog
C:\Users\Chris\Documents\GitHub\personalProject\Complete New Project\NewProject\NewProject\Debug\NewProject.exe.intermediate.manifest
C:\Users\Chris\Documents\GitHub\personalProject\Complete New Project\NewProject\NewProject\Debug\vc100.idb
C:\Users\Chris\Documents\GitHub\personalProject\Complete New Project\NewProject\NewProject\Debug\vc100.pdb
