C:\USERS\CHRIS\DESKTOP\COMPLETE NEW PROJECT\NEWPROJECT\ENGINE\DEBUG\COMPONENT.OBJ
C:\USERS\CHRIS\DESKTOP\COMPLETE NEW PROJECT\NEWPROJECT\ENGINE\DEBUG\COMPONENTMANAGER.OBJ
C:\USERS\CHRIS\DESKTOP\COMPLETE NEW PROJECT\NEWPROJECT\ENGINE\DEBUG\FRAMERATECONTROLLER.OBJ
C:\USERS\CHRIS\DESKTOP\COMPLETE NEW PROJECT\NEWPROJECT\ENGINE\DEBUG\IDGENERATOR.OBJ
C:\USERS\CHRIS\DESKTOP\COMPLETE NEW PROJECT\NEWPROJECT\ENGINE\DEBUG\SYSTEM.OBJ
C:\USERS\CHRIS\DESKTOP\COMPLETE NEW PROJECT\NEWPROJECT\ENGINE\DEBUG\VC100.PDB
C:\USERS\CHRIS\DESKTOP\COMPLETE NEW PROJECT\NEWPROJECT\LIBS_DEBUG\ENGINE.LIB
C:\Users\Chris\Documents\GitHub\personalProject\Complete New Project\NewProject\\libs_debug\Engine.lib
C:\Users\Chris\Documents\GitHub\personalProject\Complete New Project\NewProject\Engine\Debug\cl.command.1.tlog
C:\Users\Chris\Documents\GitHub\personalProject\Complete New Project\NewProject\Engine\Debug\CL.read.1.tlog
C:\Users\Chris\Documents\GitHub\personalProject\Complete New Project\NewProject\Engine\Debug\CL.write.1.tlog
C:\Users\Chris\Documents\GitHub\personalProject\Complete New Project\NewProject\Engine\Debug\Component.obj
C:\Users\Chris\Documents\GitHub\personalProject\Complete New Project\NewProject\Engine\Debug\ComponentManager.obj
C:\Users\Chris\Documents\GitHub\personalProject\Complete New Project\NewProject\Engine\Debug\frameratecontroller.obj
C:\Users\Chris\Documents\GitHub\personalProject\Complete New Project\NewProject\Engine\Debug\IDGenerator.obj
C:\Users\Chris\Documents\GitHub\personalProject\Complete New Project\NewProject\Engine\Debug\lib.command.1.tlog
C:\Users\Chris\Documents\GitHub\personalProject\Complete New Project\NewProject\Engine\Debug\Lib-link.read.1.tlog
C:\Users\Chris\Documents\GitHub\personalProject\Complete New Project\NewProject\Engine\Debug\Lib-link.write.1.tlog
C:\Users\Chris\Documents\GitHub\personalProject\Complete New Project\NewProject\Engine\Debug\System.obj
C:\Users\Chris\Documents\GitHub\personalProject\Complete New Project\NewProject\Engine\Debug\vc100.idb
C:\Users\Chris\Documents\GitHub\personalProject\Complete New Project\NewProject\Engine\Debug\vc100.pdb
